<?xml version="1.0" encoding="UTF-8"?>
<testsuite xmlns:xsi="http://www.w3.org/2001/XMLSchema-instance" xsi:schemaLocation="https://maven.apache.org/surefire/maven-surefire-plugin/xsd/surefire-test-report.xsd" name="AutoTest.Cucumber_Test.RunnerClass" time="17.724" tests="12" errors="0" skipped="4" failures="2">
  <properties>
[...]
</properties>
  <testcase name="Given am on the Landing Page" classname="Scenario: Login and Logout" time="0.002"/>
  <testcase name="And I enter my Username as wegit" classname="Scenario: Login and Logout" time="0"/>
  <testcase name="And I enter my Password as 123455678" classname="Scenario: Login and Logout" time="0"/>
  <testcase name="When I click Login button" classname="Scenario: Login and Logout" time="0"/>
  <testcase name="Then am on the Home Page" classname="Scenario: Login and Logout" time="0.001"/>
  <testcase name="Scenario: Login and Logout" classname="Scenario: Login and Logout" time="0.001"/>
  <testcase name="Given am on the &quot;Landing&quot; page" classname="| wegit | 12345678 |" time="0.009">
    <failure message="expected:&lt;L[ogin]&gt; but was:&lt;L[anding]&gt;" type="org.junit.ComparisonFailure"><![CDATA[org.junit.ComparisonFailure: expected:<L[ogin]> but was:<L[anding]>
]]></failure>
    <system-out><![CDATA[
  @demo2
  Scenario: Login and Logout             &amp#27;[90m# Ist_login_test.feature:6&amp#27;[0m
    &amp#27;[32mGiven &amp#27;[0m&amp#27;[32mam on the Landing Page&amp#27;[0m         &amp#27;[90m# ist_login_test.am_on_the_Landing_Page()&amp#27;[0m
    &amp#27;[32mAnd &amp#27;[0m&amp#27;[32mI enter my Username as wegit&amp#27;[0m     &amp#27;[90m# ist_login_test.i_enter_my_Username_as_wegit()&amp#27;[0m
    &amp#27;[32mAnd &amp#27;[0m&amp#27;[32mI enter my Password as &amp#27;[0m&amp#27;[32m&amp#27;[1m123455678&amp#27;[0m &amp#27;[90m# ist_login_test.i_enter_my_Password_as(int)&amp#27;[0m
    &amp#27;[32mWhen &amp#27;[0m&amp#27;[32mI click Login button&amp#27;[0m            &amp#27;[90m# ist_login_test.i_click_Login_button()&amp#27;[0m
    &amp#27;[32mThen &amp#27;[0m&amp#27;[32mam on the Home Page&amp#27;[0m             &amp#27;[90m# ist_login_test.am_on_the_Home_Page()&amp#27;[0m
#Author: Ben_Bolaji
@duper
Feature: As an user, i want to be able to login and logout.

  @demo2
  Scenario Outline: Login and logout                  &amp#27;[90m# SecondLoginTest.feature:6&amp#27;[0m
    &amp#27;[36mGiven &amp#27;[0m&amp#27;[36mam on the "Landing" page&amp#27;[0m
    &amp#27;[36mAnd &amp#27;[0m&amp#27;[36mI enter my "Username" as "<Username_Details>"&amp#27;[0m
    &amp#27;[36mAnd &amp#27;[0m&amp#27;[36mI enter my "Password" as "<Password_Details>"&amp#27;[0m
    &amp#27;[36mWhen &amp#27;[0m&amp#27;[36mI click "Login" button&amp#27;[0m
    &amp#27;[36mThen &amp#27;[0m&amp#27;[36mam on the "Home" page&amp#27;[0m

    Examples: login details
]]></system-out>
  </testcase>
  <testcase name="| wegit | 12345678 |" classname="| wegit | 12345678 |" time="0.01">
    <failure message="expected:&lt;L[ogin]&gt; but was:&lt;L[anding]&gt;" type="org.junit.ComparisonFailure"><![CDATA[org.junit.ComparisonFailure: expected:<L[ogin]> but was:<L[anding]>
]]></failure>
  </testcase>
  <testcase name="And I enter my &quot;Username&quot; as &quot;wegit&quot;" classname="| wegit | 12345678 |" time="0">
    <skipped/>
  </testcase>
  <testcase name="And I enter my &quot;Password&quot; as &quot;12345678&quot;" classname="| wegit | 12345678 |" time="0">
    <skipped/>
  </testcase>
  <testcase name="When I click &quot;Login&quot; button" classname="| wegit | 12345678 |" time="0">
    <skipped/>
  </testcase>
  <testcase name="Then am on the &quot;Home&quot; page" classname="| wegit | 12345678 |" time="0">
    <skipped/>
  </testcase>
</testsuite>