<?xml version="1.0" encoding="UTF-8"?>
<testsuite xmlns:xsi="http://www.w3.org/2001/XMLSchema-instance" xsi:schemaLocation="https://maven.apache.org/surefire/maven-surefire-plugin/xsd/surefire-test-report.xsd" name="AutoTest.Cucumber_Test.RunnerClass" time="17.724" tests="12" errors="0" skipped="4" failures="2">
  <properties>
    <property name="java.runtime.name" value="Java(TM) SE Runtime Environment"/>
    <property name="sun.boot.library.path" value="C:\Program Files\Java\jdk1.8.0_131\jre\bin"/>
    <property name="java.vm.version" value="25.131-b11"/>
    <property name="java.vm.vendor" value="Oracle Corporation"/>
    <property name="maven.multiModuleProjectDirectory" value="C:\Program Files (x86)\Jenkins\workspace\StarWarsAuto"/>
    <property name="java.vendor.url" value="http://java.oracle.com/"/>
    <property name="path.separator" value=";"/>
    <property name="guice.disable.misplaced.annotation.check" value="true"/>
    <property name="java.vm.name" value="Java HotSpot(TM) 64-Bit Server VM"/>
    <property name="file.encoding.pkg" value="sun.io"/>
    <property name="user.script" value=""/>
    <property name="user.country" value="GB"/>
    <property name="sun.java.launcher" value="SUN_STANDARD"/>
    <property name="sun.os.patch.level" value=""/>
    <property name="java.vm.specification.name" value="Java Virtual Machine Specification"/>
    <property name="user.dir" value="C:\Program Files (x86)\Jenkins\workspace\StarWarsAuto"/>
    <property name="java.runtime.version" value="1.8.0_131-b11"/>
    <property name="java.awt.graphicsenv" value="sun.awt.Win32GraphicsEnvironment"/>
    <property name="java.endorsed.dirs" value="C:\Program Files\Java\jdk1.8.0_131\jre\lib\endorsed"/>
    <property name="os.arch" value="amd64"/>
    <property name="java.io.tmpdir" value="C:\WINDOWS\TEMP\"/>
    <property name="line.separator" value="&#10;"/>
    <property name="java.vm.specification.vendor" value="Oracle Corporation"/>
    <property name="user.variant" value=""/>
    <property name="os.name" value="Windows 10"/>
    <property name="classworlds.conf" value="C:\Program Files\Maven\apache-maven-3.5.0\bin\..\bin\m2.conf"/>
    <property name="sun.jnu.encoding" value="Cp1252"/>
    <property name="java.library.path" value="C:\Program Files\Java\jdk1.8.0_131\bin;C:\WINDOWS\Sun\Java\bin;C:\WINDOWS\system32;C:\WINDOWS;C:\Program Files\Maven\apache-maven-3.5.0/bin;C:\Program Files\Java\jdk1.8.0_131/bin;C:\Program Files\Java\jdk1.8.0_131/bin;C:\ProgramData\Oracle\Java\javapath;C:\Program Files (x86)\Intel\iCLS Client\;C:\Program Files\Intel\iCLS Client\;C:\WINDOWS\system32;C:\WINDOWS;C:\WINDOWS\System32\Wbem;C:\WINDOWS\System32\WindowsPowerShell\v1.0\;C:\Program Files (x86)\Windows Live\Shared;C:\Program Files (x86)\Intel\OpenCL SDK\2.0\bin\x86;C:\Program Files (x86)\Intel\OpenCL SDK\2.0\bin\x64;C:\Program Files\Intel\Intel(R) Management Engine Components\DAL;C:\Program Files\Intel\Intel(R) Management Engine Components\IPT;C:\Program Files (x86)\Intel\Intel(R) Management Engine Components\DAL;C:\Program Files (x86)\Intel\Intel(R) Management Engine Components\IPT;C:\Program Files (x86)\Skype\Phone\;C:\Driver\geckodriver.exe;C:\Drivers\chromedriver.exe;C:\Program Files\Git\cmd;C:\WINDOWS\system32\config\systemprofile\AppData\Local\Microsoft\WindowsApps;."/>
    <property name="maven.conf" value="C:\Program Files\Maven\apache-maven-3.5.0\bin\../conf"/>
    <property name="java.specification.name" value="Java Platform API Specification"/>
    <property name="java.class.version" value="52.0"/>
    <property name="sun.management.compiler" value="HotSpot 64-Bit Tiered Compilers"/>
    <property name="os.version" value="10.0"/>
    <property name="library.jansi.path" value="C:\Program Files\Maven\apache-maven-3.5.0\bin\..\lib\jansi-native\windows64"/>
    <property name="user.home" value="C:\WINDOWS\system32\config\systemprofile"/>
    <property name="user.timezone" value="Europe/London"/>
    <property name="java.awt.printerjob" value="sun.awt.windows.WPrinterJob"/>
    <property name="java.specification.version" value="1.8"/>
    <property name="file.encoding" value="Cp1252"/>
    <property name="user.name" value="GHOUST$"/>
    <property name="java.class.path" value="C:\Program Files\Maven\apache-maven-3.5.0\bin\..\boot\plexus-classworlds-2.5.2.jar"/>
    <property name="java.vm.specification.version" value="1.8"/>
    <property name="sun.arch.data.model" value="64"/>
    <property name="java.home" value="C:\Program Files\Java\jdk1.8.0_131\jre"/>
    <property name="sun.java.command" value="org.codehaus.plexus.classworlds.launcher.Launcher -f C:\Users\Larry\Desktop\testcode\2face\Face-2-Face-master clean install"/>
    <property name="java.specification.vendor" value="Oracle Corporation"/>
    <property name="user.language" value="en"/>
    <property name="awt.toolkit" value="sun.awt.windows.WToolkit"/>
    <property name="java.vm.info" value="mixed mode"/>
    <property name="java.version" value="1.8.0_131"/>
    <property name="java.ext.dirs" value="C:\Program Files\Java\jdk1.8.0_131\jre\lib\ext;C:\WINDOWS\Sun\Java\lib\ext"/>
    <property name="sun.boot.class.path" value="C:\Program Files\Java\jdk1.8.0_131\jre\lib\resources.jar;C:\Program Files\Java\jdk1.8.0_131\jre\lib\rt.jar;C:\Program Files\Java\jdk1.8.0_131\jre\lib\sunrsasign.jar;C:\Program Files\Java\jdk1.8.0_131\jre\lib\jsse.jar;C:\Program Files\Java\jdk1.8.0_131\jre\lib\jce.jar;C:\Program Files\Java\jdk1.8.0_131\jre\lib\charsets.jar;C:\Program Files\Java\jdk1.8.0_131\jre\lib\jfr.jar;C:\Program Files\Java\jdk1.8.0_131\jre\classes"/>
    <property name="java.vendor" value="Oracle Corporation"/>
    <property name="maven.home" value="C:\Program Files\Maven\apache-maven-3.5.0\bin\.."/>
    <property name="file.separator" value="\"/>
    <property name="java.vendor.url.bug" value="http://bugreport.sun.com/bugreport/"/>
    <property name="sun.cpu.endian" value="little"/>
    <property name="sun.io.unicode.encoding" value="UnicodeLittle"/>
    <property name="sun.desktop" value="windows"/>
    <property name="sun.cpu.isalist" value="amd64"/>
  </properties>
  <testcase name="Given am on the Landing Page" classname="Scenario: Login and Logout" time="0.002"/>
  <testcase name="And I enter my Username as wegit" classname="Scenario: Login and Logout" time="0"/>
  <testcase name="And I enter my Password as 123455678" classname="Scenario: Login and Logout" time="0"/>
  <testcase name="When I click Login button" classname="Scenario: Login and Logout" time="0"/>
  <testcase name="Then am on the Home Page" classname="Scenario: Login and Logout" time="0.001"/>
  <testcase name="Scenario: Login and Logout" classname="Scenario: Login and Logout" time="0.001"/>
  <testcase name="Given am on the &quot;Landing&quot; page" classname="| wegit | 12345678 |" time="0.009">
    <failure message="expected:&lt;L[ogin]&gt; but was:&lt;L[anding]&gt;" type="org.junit.ComparisonFailure"><![CDATA[org.junit.ComparisonFailure: expected:<L[ogin]> but was:<L[anding]>
]]></failure>
    <system-out><![CDATA[
  @demo2
  Scenario: Login and Logout             &amp#27;[90m# Ist_login_test.feature:6&amp#27;[0m
    &amp#27;[32mGiven &amp#27;[0m&amp#27;[32mam on the Landing Page&amp#27;[0m         &amp#27;[90m# ist_login_test.am_on_the_Landing_Page()&amp#27;[0m
    &amp#27;[32mAnd &amp#27;[0m&amp#27;[32mI enter my Username as wegit&amp#27;[0m     &amp#27;[90m# ist_login_test.i_enter_my_Username_as_wegit()&amp#27;[0m
    &amp#27;[32mAnd &amp#27;[0m&amp#27;[32mI enter my Password as &amp#27;[0m&amp#27;[32m&amp#27;[1m123455678&amp#27;[0m &amp#27;[90m# ist_login_test.i_enter_my_Password_as(int)&amp#27;[0m
    &amp#27;[32mWhen &amp#27;[0m&amp#27;[32mI click Login button&amp#27;[0m            &amp#27;[90m# ist_login_test.i_click_Login_button()&amp#27;[0m
    &amp#27;[32mThen &amp#27;[0m&amp#27;[32mam on the Home Page&amp#27;[0m             &amp#27;[90m# ist_login_test.am_on_the_Home_Page()&amp#27;[0m
#Author: Ben_Bolaji
@duper
Feature: As an user, i want to be able to login and logout.

  @demo2
  Scenario Outline: Login and logout                  &amp#27;[90m# SecondLoginTest.feature:6&amp#27;[0m
    &amp#27;[36mGiven &amp#27;[0m&amp#27;[36mam on the "Landing" page&amp#27;[0m
    &amp#27;[36mAnd &amp#27;[0m&amp#27;[36mI enter my "Username" as "<Username_Details>"&amp#27;[0m
    &amp#27;[36mAnd &amp#27;[0m&amp#27;[36mI enter my "Password" as "<Password_Details>"&amp#27;[0m
    &amp#27;[36mWhen &amp#27;[0m&amp#27;[36mI click "Login" button&amp#27;[0m
    &amp#27;[36mThen &amp#27;[0m&amp#27;[36mam on the "Home" page&amp#27;[0m

    Examples: login details
]]></system-out>
  </testcase>
  <testcase name="| wegit | 12345678 |" classname="| wegit | 12345678 |" time="0.01">
    <failure message="expected:&lt;L[ogin]&gt; but was:&lt;L[anding]&gt;" type="org.junit.ComparisonFailure"><![CDATA[org.junit.ComparisonFailure: expected:<L[ogin]> but was:<L[anding]>
]]></failure>
  </testcase>
  <testcase name="And I enter my &quot;Username&quot; as &quot;wegit&quot;" classname="| wegit | 12345678 |" time="0">
    <skipped/>
  </testcase>
  <testcase name="And I enter my &quot;Password&quot; as &quot;12345678&quot;" classname="| wegit | 12345678 |" time="0">
    <skipped/>
  </testcase>
  <testcase name="When I click &quot;Login&quot; button" classname="| wegit | 12345678 |" time="0">
    <skipped/>
  </testcase>
  <testcase name="Then am on the &quot;Home&quot; page" classname="| wegit | 12345678 |" time="0">
    <skipped/>
  </testcase>
</testsuite>